<?xml version="1.0" encoding="UTF-8"?>
<testsuite xmlns:xsi="http://www.w3.org/2001/XMLSchema-instance" xsi:noNamespaceSchemaLocation="https://maven.apache.org/surefire/maven-surefire-plugin/xsd/surefire-test-report-3.0.xsd" version="3.0" name="com.runner.Runner" time="171.933" tests="5" errors="0" skipped="0" failures="1">
  <properties>
[...]
</properties>
  <testcase name="Open browser and validate home page" classname="Storyweaver Home page" time="60.515"/>
  <testcase name="Test Login page with valid credentials" classname="Storyweaver login page" time="10.014"/>
  <testcase name="Go to create page and validate" classname="Storyweaver Create page" time="26.207"/>
  <testcase name="Add images to pages" classname="Storyweaver Create page" time="19.757"/>
  <testcase name="Publish the story" classname="Storyweaver Create page" time="53.718">
    <failure message="Published story: acholi is taking time to display in New Arrivals" type="java.lang.AssertionError"><![CDATA[java.lang.AssertionError: Published story: acholi is taking time to display in New Arrivals
]]></failure>
    <system-out><![CDATA[
@tag8
Scenario: Publish the story                                                            # Feature/Feature3/Create.feature:16
  When user clicks on "publish" button in editor menu                                  # com.steps.CreatePageSteps.user_clicks_on_button_in_editor_menu(java.lang.String)
  Then "Edit your Story Card image" popup should be displayed in editor                # com.steps.CreatePageSteps.popup_should_be_displayed_in_editor(java.lang.String)
  When user clicks on "Done" button in "Edit your Story Card image" popup              # com.steps.CreatePageSteps.user_clicks_on_button_in_popup(java.lang.String,java.lang.String)
  Then user should see "Your Final Story Card"                                         # com.steps.CreatePageSteps.user_should_see(java.lang.String)
  When user clicks on "publish" button on "Story Card"                                 # com.steps.CreatePageSteps.user_clicks_on_button_on(java.lang.String,java.lang.String)
  Then "Publish Form" should be opened                                                 # com.steps.CreatePageSteps.should_be_opened(java.lang.String)
Vernam/Quillpad text is not available for the langauge: acholiin Synopsis
  Then user should be able to enter "Story Title,Synopsis,Category and Copyright Year" # com.steps.CreatePageSteps.user_should_be_able_to_enter(java.lang.String)
  When user clicks on "next" button in "Publish Form"                                  # com.steps.CreatePageSteps.user_clicks_on_button_in(java.lang.String,java.lang.String)
  Then "Preview the book cover" popup should be displayed                              # com.steps.CreatePageSteps.popup_should_be_displayed(java.lang.String)
  Then user should be able to publish the story by clicking on "publish" button        # com.steps.CreatePageSteps.user_should_be_able_to_publish_the_story_by_clicking_on_button(java.lang.String)
  Then user should be able to see "Your Story has been published" Notification         # com.steps.CreatePageSteps.user_should_be_able_to_see_Notification(java.lang.String)
  Then user should be able to see published story in "New Arrivals"                    # com.steps.CreatePageSteps.user_should_be_able_to_see_published_story_in(java.lang.String)
      java.lang.AssertionError: Published story: acholi is taking time to display in New Arrivals
	at org.junit.Assert.fail(Assert.java:88)
	at org.junit.Assert.assertTrue(Assert.java:41)
	at com.steps.CreatePageSteps.user_should_be_able_to_see_published_story_in(CreatePageSteps.java:113)
	at ?.user should be able to see published story in "New Arrivals"(file:///H:/Java/Eclipse/Eclipse%20Photon/Workspace/StoryweaverSanity/Feature/Feature3/Create.feature:28)


    Embedding null [Image/png 624512 bytes]

]]></system-out>
  </testcase>
</testsuite>